<?xml version="1.0" encoding="UTF-8"?>
<!-- Generated by org.testng.reporters.JUnitReportReporter -->
<testsuite skipped="0" hostname="SmitaBKumar" name="com.lnt.maven.test.TestSessionFactory" tests="1" failures="0" timestamp="29 Nov 2018 07:14:04 GMT" time="3.237" errors="0">
  <testcase name="testSessionFactory" time="3.237" classname="com.lnt.maven.test.TestSessionFactory"/>
</testsuite> <!-- com.lnt.maven.test.TestSessionFactory -->
