<?xml version="1.0" encoding="UTF-8"?>
<!-- Generated by org.testng.reporters.JUnitReportReporter -->
<testsuite skipped="4" hostname="SmitaBKumar" name="com.lnt.customer_project.test.TestCustomerDao" tests="5" failures="0" timestamp="30 Nov 2018 06:29:35 GMT" time="0.231" errors="0">
  <testcase name="testUpdateCustomer" time="0.231" classname="com.lnt.customer_project.test.TestCustomerDao"/>
  <testcase name="testDeleteCustomer" classname="com.lnt.customer_project.test.TestCustomerDao">
    <skipped/>
  </testcase> <!-- testDeleteCustomer -->
  <testcase name="testGetCustomerList" classname="com.lnt.customer_project.test.TestCustomerDao">
    <skipped/>
  </testcase> <!-- testGetCustomerList -->
  <testcase name="testAddCustomer" classname="com.lnt.customer_project.test.TestCustomerDao">
    <skipped/>
  </testcase> <!-- testAddCustomer -->
  <testcase name="testGetCustomerById" classname="com.lnt.customer_project.test.TestCustomerDao">
    <skipped/>
  </testcase> <!-- testGetCustomerById -->
</testsuite> <!-- com.lnt.customer_project.test.TestCustomerDao -->
