<?xml version="1.0" encoding="UTF-8"?>
<!-- Generated by org.testng.reporters.JUnitReportReporter -->
<testsuite skipped="0" hostname="SmitaBKumar" name="com.lnt.customer_project.test.TestSessionFactory" tests="1" failures="0" timestamp="30 Nov 2018 05:15:46 GMT" time="10.887" errors="0">
  <testcase name="testSessionFactory" time="10.887" classname="com.lnt.customer_project.test.TestSessionFactory"/>
</testsuite> <!-- com.lnt.customer_project.test.TestSessionFactory -->
