<?xml version="1.0" encoding="UTF-8"?>
<!-- Generated by org.testng.reporters.JUnitReportReporter -->
<testsuite skipped="0" hostname="SmitaBKumar" name="com.lnt.maven.test.TestSessionFactory" tests="1" failures="0" timestamp="27 Nov 2018 05:07:45 GMT" time="2.621" errors="0">
  <testcase name="testSessionFactory" time="2.621" classname="com.lnt.maven.test.TestSessionFactory"/>
</testsuite> <!-- com.lnt.maven.test.TestSessionFactory -->
