<?xml version="1.0" encoding="UTF-8"?>
<!-- Generated by org.testng.reporters.JUnitReportReporter -->
<testsuite skipped="0" hostname="SmitaBKumar" name="com.lnt.maven.test.TestSessionFactory" tests="1" failures="0" timestamp="30 Nov 2018 04:45:41 GMT" time="2.335" errors="0">
  <testcase name="testSessionFactory" time="2.335" classname="com.lnt.maven.test.TestSessionFactory"/>
</testsuite> <!-- com.lnt.maven.test.TestSessionFactory -->
